<?xml version="1.0" encoding="UTF-8"?>
<!-- Generated by org.testng.reporters.JUnitXMLReporter -->
<testsuite ignored="0" hostname="Abhi" failures="0" tests="2" name="Test Runner-2" time="0.188" errors="0" timestamp="2023-07-26T19:11:15 IST">
  <testcase classname="vtiger.contactsTest.CreateContactWithOrganisationTest" name="createContactWithOrgTest" time="0.0">
    <skipped/>
  </testcase> <!-- createContactWithOrgTest -->
  <testcase classname="vtiger.contactsTest.CreateContactWithOrganisationTest" name="demotest" time="0.001">
    <skipped/>
  </testcase> <!-- demotest -->
</testsuite> <!-- Test Runner-2 -->
