<?xml version="1.0" encoding="UTF-8"?>
<!-- Generated by org.testng.reporters.JUnitXMLReporter -->
<testsuite ignored="0" hostname="Abhi" failures="1" tests="2" name="Test" time="30.8" errors="0" timestamp="2023-07-28T13:11:00 IST">
  <testcase classname="vtiger.ogranizationTests.CreateOrgnizationTest" name="CreateOrgTest" time="8.242"/>
  <testcase classname="vtiger.ogranizationTests.CreateOrgnizationTest" name="demotest" time="0.0">
    <failure type="java.lang.AssertionError" message="null">
      <![CDATA[java.lang.AssertionError: null
at vtiger.ogranizationTests.CreateOrgnizationTest.demotest(CreateOrgnizationTest.java:89)
at java.base/java.util.ArrayList.forEach(ArrayList.java:1511)
... Removed 29 stack frames]]>
    </failure>
  </testcase> <!-- demotest -->
</testsuite> <!-- Test -->
