<?xml version="1.0" encoding="UTF-8"?>
<!-- Generated by org.testng.reporters.JUnitXMLReporter -->
<testsuite ignored="1" hostname="Abhi" failures="0" tests="1" name="Test" time="16.363" errors="0" timestamp="2023-08-09T12:21:52 IST">
  <testcase classname="vtiger.ogranizationTests.CreateOrgnizationTest" name="CreateOrgTest" time="6.28"/>
  <testcase classname="vtiger.ogranizationTests.CreateOrgnizationTest" name="demotest" time="0.0">
    <ignored/>
  </testcase> <!-- demotest -->
</testsuite> <!-- Test -->
